<?xml version="1.0" encoding="UTF-8"?>
<!-- Generated by org.testng.reporters.JUnitReportReporter -->
<testsuite hostname="P0193533" failures="0" tests="1" name="Cucumber.TestNGTestRunner" time="27.336" errors="0" timestamp="2022-12-14T16:33:08 IST" skipped="0">
  <testcase classname="Cucumber.TestNGTestRunner" name="runScenario" time="27.336"/>
  <system-out/>
</testsuite> <!-- Cucumber.TestNGTestRunner -->
